Determining if the pthread_create exist failed with the following output:
Change Dir: /home/manuel/visiont3lab-github/qr_reader/qr_reader_ros_ws/src/gazebo_models_pkg/build/CMakeFiles/CMakeTmp

Run Build Command:"/usr/bin/make" "cmTC_756a3/fast"
/usr/bin/make -f CMakeFiles/cmTC_756a3.dir/build.make CMakeFiles/cmTC_756a3.dir/build
make[1]: Entering directory '/home/manuel/visiont3lab-github/qr_reader/qr_reader_ros_ws/src/gazebo_models_pkg/build/CMakeFiles/CMakeTmp'
Building C object CMakeFiles/cmTC_756a3.dir/CheckSymbolExists.c.o
/usr/bin/cc    -o CMakeFiles/cmTC_756a3.dir/CheckSymbolExists.c.o   -c /home/manuel/visiont3lab-github/qr_reader/qr_reader_ros_ws/src/gazebo_models_pkg/build/CMakeFiles/CMakeTmp/CheckSymbolExists.c
Linking C executable cmTC_756a3
/usr/bin/cmake -E cmake_link_script CMakeFiles/cmTC_756a3.dir/link.txt --verbose=1
/usr/bin/cc      -rdynamic CMakeFiles/cmTC_756a3.dir/CheckSymbolExists.c.o  -o cmTC_756a3 
CMakeFiles/cmTC_756a3.dir/CheckSymbolExists.c.o: In function `main':
CheckSymbolExists.c:(.text+0x1b): undefined reference to `pthread_create'
collect2: error: ld returned 1 exit status
CMakeFiles/cmTC_756a3.dir/build.make:97: recipe for target 'cmTC_756a3' failed
make[1]: *** [cmTC_756a3] Error 1
make[1]: Leaving directory '/home/manuel/visiont3lab-github/qr_reader/qr_reader_ros_ws/src/gazebo_models_pkg/build/CMakeFiles/CMakeTmp'
Makefile:126: recipe for target 'cmTC_756a3/fast' failed
make: *** [cmTC_756a3/fast] Error 2

File /home/manuel/visiont3lab-github/qr_reader/qr_reader_ros_ws/src/gazebo_models_pkg/build/CMakeFiles/CMakeTmp/CheckSymbolExists.c:
/* */
#include <pthread.h>

int main(int argc, char** argv)
{
  (void)argv;
#ifndef pthread_create
  return ((int*)(&pthread_create))[argc];
#else
  (void)argc;
  return 0;
#endif
}

Determining if the function pthread_create exists in the pthreads failed with the following output:
Change Dir: /home/manuel/visiont3lab-github/qr_reader/qr_reader_ros_ws/src/gazebo_models_pkg/build/CMakeFiles/CMakeTmp

Run Build Command:"/usr/bin/make" "cmTC_ec0ec/fast"
/usr/bin/make -f CMakeFiles/cmTC_ec0ec.dir/build.make CMakeFiles/cmTC_ec0ec.dir/build
make[1]: Entering directory '/home/manuel/visiont3lab-github/qr_reader/qr_reader_ros_ws/src/gazebo_models_pkg/build/CMakeFiles/CMakeTmp'
Building C object CMakeFiles/cmTC_ec0ec.dir/CheckFunctionExists.c.o
/usr/bin/cc   -DCHECK_FUNCTION_EXISTS=pthread_create   -o CMakeFiles/cmTC_ec0ec.dir/CheckFunctionExists.c.o   -c /usr/share/cmake-3.10/Modules/CheckFunctionExists.c
Linking C executable cmTC_ec0ec
/usr/bin/cmake -E cmake_link_script CMakeFiles/cmTC_ec0ec.dir/link.txt --verbose=1
/usr/bin/cc  -DCHECK_FUNCTION_EXISTS=pthread_create    -rdynamic CMakeFiles/cmTC_ec0ec.dir/CheckFunctionExists.c.o  -o cmTC_ec0ec -lpthreads 
/usr/bin/ld: cannot find -lpthreads
collect2: error: ld returned 1 exit status
CMakeFiles/cmTC_ec0ec.dir/build.make:97: recipe for target 'cmTC_ec0ec' failed
make[1]: *** [cmTC_ec0ec] Error 1
make[1]: Leaving directory '/home/manuel/visiont3lab-github/qr_reader/qr_reader_ros_ws/src/gazebo_models_pkg/build/CMakeFiles/CMakeTmp'
Makefile:126: recipe for target 'cmTC_ec0ec/fast' failed
make: *** [cmTC_ec0ec/fast] Error 2


